Started GET "/" for 127.0.0.1 at 2020-05-26 18:10:12 +0900
Processing by Rails::WelcomeController#index as HTML
  Rendering /Users/watanabetaichi/.rbenv/versions/2.6.2/lib/ruby/gems/2.6.0/gems/railties-5.1.6/lib/rails/templates/rails/welcome/index.html.erb
  Rendered /Users/watanabetaichi/.rbenv/versions/2.6.2/lib/ruby/gems/2.6.0/gems/railties-5.1.6/lib/rails/templates/rails/welcome/index.html.erb (5.2ms)
Completed 200 OK in 556ms (Views: 14.9ms)


Started GET "/" for 127.0.0.1 at 2020-06-10 15:20:45 +0900
Processing by Rails::WelcomeController#index as HTML
  Rendering /Users/watanabetaichi/.rbenv/versions/2.6.2/lib/ruby/gems/2.6.0/gems/railties-5.1.6/lib/rails/templates/rails/welcome/index.html.erb
  Rendered /Users/watanabetaichi/.rbenv/versions/2.6.2/lib/ruby/gems/2.6.0/gems/railties-5.1.6/lib/rails/templates/rails/welcome/index.html.erb (77.0ms)
Completed 200 OK in 142ms (Views: 93.3ms)


Started GET "/" for 127.0.0.1 at 2020-06-10 15:23:23 +0900
Processing by Rails::WelcomeController#index as HTML
  Rendering /Users/watanabetaichi/.rbenv/versions/2.6.2/lib/ruby/gems/2.6.0/gems/railties-5.1.6/lib/rails/templates/rails/welcome/index.html.erb
  Rendered /Users/watanabetaichi/.rbenv/versions/2.6.2/lib/ruby/gems/2.6.0/gems/railties-5.1.6/lib/rails/templates/rails/welcome/index.html.erb (6.7ms)
Completed 200 OK in 13ms (Views: 9.5ms)


Started GET "/" for 127.0.0.1 at 2020-06-10 15:23:24 +0900
Processing by Rails::WelcomeController#index as HTML
  Rendering /Users/watanabetaichi/.rbenv/versions/2.6.2/lib/ruby/gems/2.6.0/gems/railties-5.1.6/lib/rails/templates/rails/welcome/index.html.erb
  Rendered /Users/watanabetaichi/.rbenv/versions/2.6.2/lib/ruby/gems/2.6.0/gems/railties-5.1.6/lib/rails/templates/rails/welcome/index.html.erb (6.7ms)
Completed 200 OK in 10ms (Views: 8.1ms)


Started GET "/" for 127.0.0.1 at 2020-06-10 15:24:42 +0900
Processing by ApplicationController#hello as HTML
  Rendering html template
  Rendered html template (0.1ms)
Completed 200 OK in 17ms (Views: 16.2ms)


